<?xml version="1.0" encoding="UTF-8"?>
<!-- Generated by org.testng.reporters.JUnitXMLReporter -->
<testsuite ignored="1" hostname="LAPTOP-VB5E8EGA" failures="0" tests="1" name="ChromeTest(failed)" time="17.838" errors="0" timestamp="2023-02-15T15:49:22 IST">
  <testcase classname="TestNGPackage.TestNG_2_BOB" name="darkMode" time="12.161"/>
  <testcase classname="TestNGPackage.TestNG_2_BOB" name="exclusiveOffers" time="0.0">
    <ignored/>
  </testcase> <!-- exclusiveOffers -->
</testsuite> <!-- ChromeTest(failed) -->
