<?xml version="1.0" encoding="UTF-8"?>
<testng-results ignored="1" total="2" passed="1" failed="0" skipped="0">
  <reporter-output>
  </reporter-output>
  <suite started-at="2023-02-15T16:17:29 IST" name="Failed suite [Failed suite [Suite01]]" finished-at="2023-02-15T16:17:59 IST" duration-ms="30391">
    <groups>
    </groups>
    <test started-at="2023-02-15T16:17:29 IST" name="FirefoxTest(failed)(failed)" finished-at="2023-02-15T16:17:59 IST" duration-ms="30391">
      <class name="TestNGPackage.TestNG_2_BOB">
        <test-method is-config="true" signature="launchBrowser(java.lang.String)[pri:0, instance:TestNGPackage.TestNG_2_BOB@19bb07ed]" started-at="2023-02-15T16:17:29 IST" name="launchBrowser" finished-at="2023-02-15T16:17:32 IST" duration-ms="3072" status="PASS">
          <params>
            <param index="0">
              <value>
                <![CDATA[Firefox]]>
              </value>
            </param>
          </params>
          <reporter-output>
          </reporter-output>
        </test-method> <!-- launchBrowser -->
        <test-method is-config="true" signature="launchBrowser()[pri:0, instance:TestNGPackage.TestNG_2_BOB@19bb07ed]" started-at="2023-02-15T16:17:32 IST" name="launchBrowser" finished-at="2023-02-15T16:17:32 IST" duration-ms="2" status="PASS">
          <reporter-output>
          </reporter-output>
        </test-method> <!-- launchBrowser -->
        <test-method is-config="true" signature="maximizeBrowser()[pri:0, instance:TestNGPackage.TestNG_2_BOB@19bb07ed]" started-at="2023-02-15T16:17:32 IST" name="maximizeBrowser" finished-at="2023-02-15T16:17:43 IST" duration-ms="11529" status="PASS">
          <reporter-output>
          </reporter-output>
        </test-method> <!-- maximizeBrowser -->
        <test-method signature="darkMode()[pri:1, instance:TestNGPackage.TestNG_2_BOB@19bb07ed]" started-at="2023-02-15T16:17:43 IST" name="darkMode" finished-at="2023-02-15T16:17:58 IST" duration-ms="14715" status="PASS">
          <reporter-output>
          </reporter-output>
        </test-method> <!-- darkMode -->
        <test-method is-config="true" signature="getText()[pri:0, instance:TestNGPackage.TestNG_2_BOB@19bb07ed]" started-at="2023-02-15T16:17:58 IST" name="getText" finished-at="2023-02-15T16:17:58 IST" duration-ms="4" status="PASS">
          <reporter-output>
          </reporter-output>
        </test-method> <!-- getText -->
        <test-method is-config="true" signature="AfterClass()[pri:0, instance:TestNGPackage.TestNG_2_BOB@19bb07ed]" started-at="2023-02-15T16:17:58 IST" name="AfterClass" finished-at="2023-02-15T16:17:58 IST" duration-ms="0" status="PASS">
          <reporter-output>
          </reporter-output>
        </test-method> <!-- AfterClass -->
        <test-method is-config="true" signature="closeBrowser()[pri:0, instance:TestNGPackage.TestNG_2_BOB@19bb07ed]" started-at="2023-02-15T16:17:58 IST" name="closeBrowser" finished-at="2023-02-15T16:17:59 IST" duration-ms="1034" status="PASS">
          <reporter-output>
          </reporter-output>
        </test-method> <!-- closeBrowser -->
      </class> <!-- TestNGPackage.TestNG_2_BOB -->
    </test> <!-- FirefoxTest(failed)(failed) -->
  </suite> <!-- Failed suite [Failed suite [Suite01]] -->
</testng-results>
