<?xml version="1.0" encoding="UTF-8"?>
<testng-results ignored="0" total="2" passed="1" failed="1" skipped="0">
  <reporter-output>
  </reporter-output>
  <suite started-at="2023-03-02T16:01:09 IST" name="Suite01" finished-at="2023-03-02T16:03:05 IST" duration-ms="116440">
    <groups>
    </groups>
    <test started-at="2023-03-02T16:01:09 IST" name="ChromeTest" finished-at="2023-03-02T16:03:05 IST" duration-ms="116440">
      <class name="TestNGPackage.TestNG_2_BOB">
        <test-method is-config="true" signature="launchBrowser(java.lang.String)[pri:0, instance:TestNGPackage.TestNG_2_BOB@31d7b7bf]" started-at="2023-03-02T16:01:09 IST" name="launchBrowser" finished-at="2023-03-02T16:01:10 IST" duration-ms="1462" status="PASS">
          <params>
            <param index="0">
              <value>
                <![CDATA[Chrome]]>
              </value>
            </param>
          </params>
          <reporter-output>
          </reporter-output>
        </test-method> <!-- launchBrowser -->
        <test-method is-config="true" signature="launchBrowser()[pri:0, instance:TestNGPackage.TestNG_2_BOB@31d7b7bf]" started-at="2023-03-02T16:01:10 IST" name="launchBrowser" finished-at="2023-03-02T16:01:10 IST" duration-ms="1" status="PASS">
          <reporter-output>
          </reporter-output>
        </test-method> <!-- launchBrowser -->
        <test-method is-config="true" signature="maximizeBrowser()[pri:0, instance:TestNGPackage.TestNG_2_BOB@31d7b7bf]" started-at="2023-03-02T16:01:10 IST" name="maximizeBrowser" finished-at="2023-03-02T16:01:31 IST" duration-ms="20474" status="PASS">
          <reporter-output>
          </reporter-output>
        </test-method> <!-- maximizeBrowser -->
        <test-method signature="darkMode()[pri:1, instance:TestNGPackage.TestNG_2_BOB@31d7b7bf]" started-at="2023-03-02T16:01:31 IST" name="darkMode" finished-at="2023-03-02T16:01:47 IST" duration-ms="16485" status="PASS">
          <reporter-output>
          </reporter-output>
        </test-method> <!-- darkMode -->
        <test-method is-config="true" signature="getText()[pri:0, instance:TestNGPackage.TestNG_2_BOB@31d7b7bf]" started-at="2023-03-02T16:01:47 IST" name="getText" finished-at="2023-03-02T16:01:47 IST" duration-ms="96" status="PASS">
          <reporter-output>
          </reporter-output>
        </test-method> <!-- getText -->
        <test-method is-config="true" signature="maximizeBrowser()[pri:0, instance:TestNGPackage.TestNG_2_BOB@31d7b7bf]" started-at="2023-03-02T16:01:47 IST" name="maximizeBrowser" finished-at="2023-03-02T16:01:55 IST" duration-ms="8271" status="PASS">
          <reporter-output>
          </reporter-output>
        </test-method> <!-- maximizeBrowser -->
        <test-method signature="exclusiveOffers()[pri:2, instance:TestNGPackage.TestNG_2_BOB@31d7b7bf]" started-at="2023-03-02T16:01:55 IST" name="exclusiveOffers" finished-at="2023-03-02T16:02:49 IST" duration-ms="53411" status="FAIL">
          <exception class="org.openqa.selenium.ElementNotInteractableException">
            <message>
              <![CDATA[element not interactable
  (Session info: chrome=110.0.5481.178)
Build info: version: '3.141.59', revision: 'e82be7d358', time: '2018-11-14T08:17:03'
System info: host: 'LAPTOP-VB5E8EGA', ip: '192.168.214.10', os.name: 'Windows 11', os.arch: 'amd64', os.version: '10.0', java.version: '18.0.2.1'
Driver info: org.openqa.selenium.chrome.ChromeDriver
Capabilities {acceptInsecureCerts: false, browserName: chrome, browserVersion: 110.0.5481.178, chrome: {chromedriverVersion: 109.0.5414.74 (e7c5703604da..., userDataDir: C:\Users\VARUNDA\AppData\Lo...}, goog:chromeOptions: {debuggerAddress: localhost:62572}, javascriptEnabled: true, networkConnectionEnabled: false, pageLoadStrategy: normal, platform: WINDOWS, platformName: WINDOWS, proxy: Proxy(), setWindowRect: true, strictFileInteractability: false, timeouts: {implicit: 0, pageLoad: 300000, script: 30000}, unhandledPromptBehavior: dismiss and notify, webauthn:extension:credBlob: true, webauthn:extension:largeBlob: true, webauthn:virtualAuthenticators: true}
Session ID: 54cb94fc99ebd666c99a649cd54bc990]]>
            </message>
            <full-stacktrace>
              <![CDATA[org.openqa.selenium.ElementNotInteractableException: element not interactable
  (Session info: chrome=110.0.5481.178)
Build info: version: '3.141.59', revision: 'e82be7d358', time: '2018-11-14T08:17:03'
System info: host: 'LAPTOP-VB5E8EGA', ip: '192.168.214.10', os.name: 'Windows 11', os.arch: 'amd64', os.version: '10.0', java.version: '18.0.2.1'
Driver info: org.openqa.selenium.chrome.ChromeDriver
Capabilities {acceptInsecureCerts: false, browserName: chrome, browserVersion: 110.0.5481.178, chrome: {chromedriverVersion: 109.0.5414.74 (e7c5703604da..., userDataDir: C:\Users\VARUNDA\AppData\Lo...}, goog:chromeOptions: {debuggerAddress: localhost:62572}, javascriptEnabled: true, networkConnectionEnabled: false, pageLoadStrategy: normal, platform: WINDOWS, platformName: WINDOWS, proxy: Proxy(), setWindowRect: true, strictFileInteractability: false, timeouts: {implicit: 0, pageLoad: 300000, script: 30000}, unhandledPromptBehavior: dismiss and notify, webauthn:extension:credBlob: true, webauthn:extension:largeBlob: true, webauthn:virtualAuthenticators: true}
Session ID: 54cb94fc99ebd666c99a649cd54bc990
at java.base/jdk.internal.reflect.DirectConstructorHandleAccessor.newInstance(DirectConstructorHandleAccessor.java:67)
at java.base/java.lang.reflect.Constructor.newInstanceWithCaller(Constructor.java:499)
at java.base/java.lang.reflect.Constructor.newInstance(Constructor.java:483)
at org.openqa.selenium.remote.http.W3CHttpResponseCodec.createException(W3CHttpResponseCodec.java:187)
at org.openqa.selenium.remote.http.W3CHttpResponseCodec.decode(W3CHttpResponseCodec.java:122)
at org.openqa.selenium.remote.http.W3CHttpResponseCodec.decode(W3CHttpResponseCodec.java:49)
at org.openqa.selenium.remote.HttpCommandExecutor.execute(HttpCommandExecutor.java:158)
at org.openqa.selenium.remote.service.DriverCommandExecutor.execute(DriverCommandExecutor.java:83)
at org.openqa.selenium.remote.RemoteWebDriver.execute(RemoteWebDriver.java:552)
at org.openqa.selenium.remote.RemoteWebElement.execute(RemoteWebElement.java:285)
at org.openqa.selenium.remote.RemoteWebElement.click(RemoteWebElement.java:84)
at java.base/jdk.internal.reflect.DirectMethodHandleAccessor.invoke(DirectMethodHandleAccessor.java:104)
at java.base/java.lang.reflect.Method.invoke(Method.java:577)
at org.openqa.selenium.support.pagefactory.internal.LocatingElementHandler.invoke(LocatingElementHandler.java:51)
at jdk.proxy2/jdk.proxy2.$Proxy17.click(Unknown Source)
at PomClasses1.ExclusiveOffersSortBy.clickOnoffers(ExclusiveOffersSortBy.java:43)
at TestNGPackage.TestNG_2_BOB.exclusiveOffers(TestNG_2_BOB.java:92)
at java.base/jdk.internal.reflect.DirectMethodHandleAccessor.invoke(DirectMethodHandleAccessor.java:104)
at java.base/java.lang.reflect.Method.invoke(Method.java:577)
at org.testng.internal.MethodInvocationHelper.invokeMethod(MethodInvocationHelper.java:133)
at org.testng.internal.TestInvoker.invokeMethod(TestInvoker.java:598)
at org.testng.internal.TestInvoker.invokeTestMethod(TestInvoker.java:173)
at org.testng.internal.MethodRunner.runInSequence(MethodRunner.java:46)
at org.testng.internal.TestInvoker$MethodInvocationAgent.invoke(TestInvoker.java:824)
at org.testng.internal.TestInvoker.invokeTestMethods(TestInvoker.java:146)
at org.testng.internal.TestMethodWorker.invokeTestMethods(TestMethodWorker.java:146)
at org.testng.internal.TestMethodWorker.run(TestMethodWorker.java:128)
at java.base/java.util.ArrayList.forEach(ArrayList.java:1511)
at org.testng.TestRunner.privateRun(TestRunner.java:794)
at org.testng.TestRunner.run(TestRunner.java:596)
at org.testng.SuiteRunner.runTest(SuiteRunner.java:377)
at org.testng.SuiteRunner.access$000(SuiteRunner.java:28)
at org.testng.SuiteRunner$SuiteWorker.run(SuiteRunner.java:418)
at org.testng.internal.thread.ThreadUtil.lambda$execute$0(ThreadUtil.java:64)
at java.base/java.util.concurrent.FutureTask.run(FutureTask.java:264)
at java.base/java.util.concurrent.ThreadPoolExecutor.runWorker(ThreadPoolExecutor.java:1136)
at java.base/java.util.concurrent.ThreadPoolExecutor$Worker.run(ThreadPoolExecutor.java:635)
at java.base/java.lang.Thread.run(Thread.java:833)
]]>
            </full-stacktrace>
          </exception> <!-- org.openqa.selenium.ElementNotInteractableException -->
          <reporter-output>
          </reporter-output>
        </test-method> <!-- exclusiveOffers -->
        <test-method is-config="true" signature="getText()[pri:0, instance:TestNGPackage.TestNG_2_BOB@31d7b7bf]" started-at="2023-03-02T16:02:49 IST" name="getText" finished-at="2023-03-02T16:02:49 IST" duration-ms="6" status="PASS">
          <reporter-output>
          </reporter-output>
        </test-method> <!-- getText -->
        <test-method is-config="true" signature="AfterClass()[pri:0, instance:TestNGPackage.TestNG_2_BOB@31d7b7bf]" started-at="2023-03-02T16:02:49 IST" name="AfterClass" finished-at="2023-03-02T16:02:49 IST" duration-ms="0" status="PASS">
          <reporter-output>
          </reporter-output>
        </test-method> <!-- AfterClass -->
        <test-method is-config="true" signature="closeBrowser()[pri:0, instance:TestNGPackage.TestNG_2_BOB@31d7b7bf]" started-at="2023-03-02T16:02:49 IST" name="closeBrowser" finished-at="2023-03-02T16:03:05 IST" duration-ms="16187" status="PASS">
          <reporter-output>
          </reporter-output>
        </test-method> <!-- closeBrowser -->
      </class> <!-- TestNGPackage.TestNG_2_BOB -->
    </test> <!-- ChromeTest -->
  </suite> <!-- Suite01 -->
</testng-results>
