<?xml version="1.0" encoding="UTF-8"?>
<!-- Generated by org.testng.reporters.JUnitXMLReporter -->
<testsuite ignored="1" hostname="LAPTOP-VB5E8EGA" failures="0" tests="1" name="FirefoxTest(failed)(failed)(failed)(failed)(failed)" time="39.204" errors="0" timestamp="2023-02-15T16:11:06 IST">
  <testcase classname="TestNGPackage.TestNG_2_BOB" name="darkMode" time="17.964"/>
  <testcase classname="TestNGPackage.TestNG_2_BOB" name="exclusiveOffers" time="0.0">
    <ignored/>
  </testcase> <!-- exclusiveOffers -->
</testsuite> <!-- FirefoxTest(failed)(failed)(failed)(failed)(failed) -->
