<?xml version="1.0" encoding="UTF-8"?>
<!-- Generated by org.testng.reporters.JUnitXMLReporter -->
<testsuite ignored="1" hostname="LAPTOP-VB5E8EGA" failures="0" tests="1" name="FirefoxTest(failed)(failed)" time="30.391" errors="0" timestamp="2023-02-15T16:17:59 IST">
  <testcase classname="TestNGPackage.TestNG_2_BOB" name="darkMode" time="14.715"/>
  <testcase classname="TestNGPackage.TestNG_2_BOB" name="exclusiveOffers" time="0.0">
    <ignored/>
  </testcase> <!-- exclusiveOffers -->
</testsuite> <!-- FirefoxTest(failed)(failed) -->
